<?xml version="1.0" encoding="UTF-8"?>
<!-- Generated by org.testng.reporters.JUnitXMLReporter -->
<testsuite ignored="0" hostname="DESKTOP-9M55QQJ" failures="1" tests="1" name=" CromeTest" time="0.072" errors="0" timestamp="2022-11-22T01:21:30 IST">
  <testcase classname="CrossBrowserStudy.CBTesting1" name="CrossBrowserTesting" time="0.012">
    <failure type="java.lang.NullPointerException">
      <![CDATA[java.lang.NullPointerException
at CrossBrowserStudy.CBTesting1.CrossBrowserTesting(CBTesting1.java:29)
at java.base/java.util.ArrayList.forEach(ArrayList.java:1541)
... Removed 27 stack frames]]>
    </failure>
  </testcase> <!-- CrossBrowserTesting -->
</testsuite> <!--  CromeTest -->
