<?xml version="1.0" encoding="UTF-8"?>
<!-- Generated by org.testng.reporters.JUnitXMLReporter -->
<testsuite ignored="0" hostname="DESKTOP-9M55QQJ" failures="0" tests="2" name="Default test" time="13.39" errors="0" timestamp="2022-12-11T21:04:10 IST">
  <testcase classname="neoStoxTest.ValidateNeoStoxUsername" name="@BeforeMethod LogintoNeostox" time="1.625">
    <failure type="java.io.IOException" message="Your InputStream was neither an OLE2 stream, nor an OOXML stream or you haven&amp;apos;t provide the poi-ooxml*.jar in the classpath/modulepath - FileMagic: OOXML, having providers: [org.apache.poi.hssf.usermodel.HSSFWorkbookFactory@15d0849]">
      <![CDATA[java.io.IOException: Your InputStream was neither an OLE2 stream, nor an OOXML stream or you haven't provide the poi-ooxml*.jar in the classpath/modulepath - FileMagic: OOXML, having providers: [org.apache.poi.hssf.usermodel.HSSFWorkbookFactory@15d0849]
at org.apache.poi.ss.usermodel.WorkbookFactory.wp(WorkbookFactory.java:334)
at org.apache.poi.ss.usermodel.WorkbookFactory.create(WorkbookFactory.java:311)
at org.apache.poi.ss.usermodel.WorkbookFactory.create(WorkbookFactory.java:277)
at org.apache.poi.ss.usermodel.WorkbookFactory.create(WorkbookFactory.java:255)
at neoStoxUtilityMaven.Utility.Exelsheetreading(Utility.java:29)
at neoStoxTest.ValidateNeoStoxUsername.LogintoNeostox(ValidateNeoStoxUsername.java:55)
at java.base/jdk.internal.reflect.NativeMethodAccessorImpl.invoke0(Native Method)
at java.base/jdk.internal.reflect.NativeMethodAccessorImpl.invoke(NativeMethodAccessorImpl.java:62)
at java.base/jdk.internal.reflect.DelegatingMethodAccessorImpl.invoke(DelegatingMethodAccessorImpl.java:43)
at java.base/java.lang.reflect.Method.invoke(Method.java:566)
at org.testng.internal.MethodInvocationHelper.invokeMethod(MethodInvocationHelper.java:133)
at org.testng.internal.MethodInvocationHelper.invokeMethodConsideringTimeout(MethodInvocationHelper.java:62)
at org.testng.internal.ConfigInvoker.invokeConfigurationMethod(ConfigInvoker.java:385)
at org.testng.internal.ConfigInvoker.invokeConfigurations(ConfigInvoker.java:321)
at org.testng.internal.TestInvoker.runConfigMethods(TestInvoker.java:700)
at org.testng.internal.TestInvoker.invokeMethod(TestInvoker.java:527)
at org.testng.internal.TestInvoker.invokeTestMethod(TestInvoker.java:173)
at org.testng.internal.MethodRunner.runInSequence(MethodRunner.java:46)
at org.testng.internal.TestInvoker$MethodInvocationAgent.invoke(TestInvoker.java:824)
at org.testng.internal.TestInvoker.invokeTestMethods(TestInvoker.java:146)
at org.testng.internal.TestMethodWorker.invokeTestMethods(TestMethodWorker.java:146)
at org.testng.internal.TestMethodWorker.run(TestMethodWorker.java:128)
at java.base/java.util.ArrayList.forEach(ArrayList.java:1541)
at org.testng.TestRunner.privateRun(TestRunner.java:794)
at org.testng.TestRunner.run(TestRunner.java:596)
at org.testng.SuiteRunner.runTest(SuiteRunner.java:377)
at org.testng.SuiteRunner.runSequentially(SuiteRunner.java:371)
at org.testng.SuiteRunner.privateRun(SuiteRunner.java:332)
at org.testng.SuiteRunner.run(SuiteRunner.java:276)
at org.testng.SuiteRunnerWorker.runSuite(SuiteRunnerWorker.java:53)
at org.testng.SuiteRunnerWorker.run(SuiteRunnerWorker.java:96)
at org.testng.TestNG.runSuitesSequentially(TestNG.java:1212)
at org.testng.TestNG.runSuitesLocally(TestNG.java:1134)
at org.testng.TestNG.runSuites(TestNG.java:1063)
at org.testng.TestNG.run(TestNG.java:1031)
at org.testng.remote.AbstractRemoteTestNG.run(AbstractRemoteTestNG.java:115)
at org.testng.remote.RemoteTestNG.initAndRun(RemoteTestNG.java:251)
at org.testng.remote.RemoteTestNG.main(RemoteTestNG.java:77)
]]>
    </failure>
  </testcase> <!-- @BeforeMethod LogintoNeostox -->
  <testcase classname="neoStoxTest.ValidateNeoStoxUsername" name="@AfterMethod logout" time="-1.670772850312E9">
    <skipped/>
  </testcase> <!-- @AfterMethod logout -->
  <testcase classname="neoStoxTest.ValidateNeoStoxUsername" name="@BeforeMethod LogintoNeostox" time="-1.670772850317E9">
    <skipped/>
  </testcase> <!-- @BeforeMethod LogintoNeostox -->
  <testcase classname="neoStoxTest.ValidateNeoStoxUsername" name="@AfterMethod logout" time="-1.670772850324E9">
    <skipped/>
  </testcase> <!-- @AfterMethod logout -->
  <testcase classname="neoStoxTest.ValidateNeoStoxUsername" name="@AfterClass closeBrowser" time="-1.67077285033E9">
    <skipped/>
  </testcase> <!-- @AfterClass closeBrowser -->
  <testcase classname="neoStoxTest.ValidateNeoStoxUsername" name="validateNeoStoxUserName" time="0.0">
    <skipped/>
  </testcase> <!-- validateNeoStoxUserName -->
  <testcase classname="neoStoxTest.ValidateNeoStoxUsername" name="validateNeoStoxAccBalance" time="0.0">
    <skipped/>
  </testcase> <!-- validateNeoStoxAccBalance -->
</testsuite> <!-- Default test -->
